Using pre-set license
Built from '2020.2/release' branch; Version is '2020.2.1f1 (270dd8c3da1c) revision 2559448'; Using compiler version '192528614'; Build Type 'Release'
OS: 'Windows 10  (10.0.0) 64bit' Language: 'ko' Physical Memory: 16233 MB
BatchMode: 1, IsHumanControllingUs: 0, StartBugReporterOnCrash: 0, Is64bit: 1, IsPro: 0

 COMMAND LINE ARGUMENTS:
C:\Program Files\Unity\Hub\Editor\2020.2.1f1\Editor\Unity.exe
-adb2
-batchMode
-noUpm
-name
AssetImportWorker0
-projectPath
D:/unityProject/RUNandSHOT
-logFile
Logs/AssetImportWorker0.log
-srvPort
59751
Successfully changed project path to: D:/unityProject/RUNandSHOT
D:/unityProject/RUNandSHOT
Using Asset Import Pipeline V2.
Refreshing native plugins compatible for Editor in 33.39 ms, found 1 plugins.
Preloading 0 native plugins for Editor in 0.00 ms.
Initialize engine version: 2020.2.1f1 (270dd8c3da1c)
[Subsystems] Discovering subsystems at path C:/Program Files/Unity/Hub/Editor/2020.2.1f1/Editor/Data/Resources/UnitySubsystems
[Subsystems] Discovering subsystems at path D:/unityProject/RUNandSHOT/Assets
GfxDevice: creating device client; threaded=0
Direct3D:
    Version:  Direct3D 11.0 [level 11.1]
    Renderer: NVIDIA GeForce RTX 2060 (ID=0x1f11)
    Vendor:   
    VRAM:     5980 MB
    Driver:   26.21.14.3187
Initialize mono
Mono path[0] = 'C:/Program Files/Unity/Hub/Editor/2020.2.1f1/Editor/Data/Managed'
Mono path[1] = 'C:/Program Files/Unity/Hub/Editor/2020.2.1f1/Editor/Data/MonoBleedingEdge/lib/mono/unityjit'
Mono config path = 'C:/Program Files/Unity/Hub/Editor/2020.2.1f1/Editor/Data/MonoBleedingEdge/etc'
Using monoOptions --debugger-agent=transport=dt_socket,embedding=1,server=y,suspend=n,address=127.0.0.1:56836
Begin MonoManager ReloadAssembly
Registering precompiled unity dll's ...
Register platform support module: C:/Program Files/Unity/Hub/Editor/2020.2.1f1/Editor/Data/PlaybackEngines/WindowsStandaloneSupport/UnityEditor.WindowsStandalone.Extensions.dll
Registered in 0.001598 seconds.
Native extension for WindowsStandalone target not found
Refreshing native plugins compatible for Editor in 33.00 ms, found 1 plugins.
Preloading 0 native plugins for Editor in 0.00 ms.
Invoked RoslynAnalysisRunner static constructor.
RoslynAnalysisRunner will not be running.
RoslynAnalysisRunner has terminated.
Mono: successfully reloaded assembly
- Completed reload, in  1.666 seconds
Platform modules already initialized, skipping
Registering precompiled user dll's ...
Registered in 0.000736 seconds.
Begin MonoManager ReloadAssembly
Native extension for WindowsStandalone target not found
Refreshing native plugins compatible for Editor in 33.55 ms, found 1 plugins.
Preloading 0 native plugins for Editor in 0.00 ms.
Invoked RoslynAnalysisRunner static constructor.
RoslynAnalysisRunner will not be running.
RoslynAnalysisRunner has terminated.
Mono: successfully reloaded assembly
- Completed reload, in  0.863 seconds
Platform modules already initialized, skipping
========================================================================
Worker process is ready to serve import requests
Launched and connected shader compiler UnityShaderCompiler.exe after 0.04 seconds
Refreshing native plugins compatible for Editor in 0.33 ms, found 1 plugins.
Preloading 0 native plugins for Editor in 0.00 ms.
Unloading 1801 Unused Serialized files (Serialized files now loaded: 0)
System memory in use before: 84.5 MB.
System memory in use after: 84.5 MB.

Unloading 24 unused Assets to reduce memory usage. Loaded Objects now: 2245.
Total: 2.029200 ms (FindLiveObjects: 0.166800 ms CreateObjectMapping: 0.067500 ms MarkObjects: 1.699100 ms  DeleteObjects: 0.095000 ms)

========================================================================
Received Import Request.
  path: Assets/Warped Shooting Fx/Scenes
  artifactKey: Guid(6c0446ddb04f9421ea52ee097ab36ab0) Importer(815301076,1909f56bfc062723c751e8b465ee728b)
Start importing Assets/Warped Shooting Fx/Scenes using Guid(6c0446ddb04f9421ea52ee097ab36ab0) Importer(815301076,1909f56bfc062723c751e8b465ee728b)  -> (artifact id: '7bd822f69eac8ef89c4c3a94e6d92180') in 0.008036 seconds
  Import took 0.010669 seconds .

========================================================================
Received Import Request.
  Time since last request: 5.393985 seconds.
  path: Assets/TooCubeForest/demoScenes/Movement.cs
  artifactKey: Guid(1d2aa0f9a1c470443898ff1d5f1f9afd) Importer(815301076,1909f56bfc062723c751e8b465ee728b)
Start importing Assets/TooCubeForest/demoScenes/Movement.cs using Guid(1d2aa0f9a1c470443898ff1d5f1f9afd) Importer(815301076,1909f56bfc062723c751e8b465ee728b)  -> (artifact id: '9a8af4fdc0d33b479263581dc9292556') in 0.031582 seconds
  Import took 0.034237 seconds .

========================================================================
Received Import Request.
  Time since last request: 0.000552 seconds.
  path: Assets/TooCubeForest/demoScenes/Movement.cs
  artifactKey: Guid(1d2aa0f9a1c470443898ff1d5f1f9afd) Importer(815301076,1909f56bfc062723c751e8b465ee728b)
Start importing Assets/TooCubeForest/demoScenes/Movement.cs using Guid(1d2aa0f9a1c470443898ff1d5f1f9afd) Importer(815301076,1909f56bfc062723c751e8b465ee728b)  -> (artifact id: '9a8af4fdc0d33b479263581dc9292556') in 0.001583 seconds
  Import took 0.004595 seconds .

========================================================================
Received Import Request.
  Time since last request: 0.637562 seconds.
  path: Assets/TooCubeForest/demoScenes/demo.unity
  artifactKey: Guid(f3c865bd525f78f44ae5026384b71f36) Importer(815301076,1909f56bfc062723c751e8b465ee728b)
Start importing Assets/TooCubeForest/demoScenes/demo.unity using Guid(f3c865bd525f78f44ae5026384b71f36) Importer(815301076,1909f56bfc062723c751e8b465ee728b)  -> (artifact id: 'bf68271b266f67e1bbd03986edecea69') in 0.015177 seconds
  Import took 0.018210 seconds .

========================================================================
Received Import Request.
  Time since last request: 7.624917 seconds.
  path: Assets/TooCubeForest/userInstruction/UserIntroduction_TCF.pdf
  artifactKey: Guid(ad363316f3dd5c74fb0230f4aa972e53) Importer(815301076,1909f56bfc062723c751e8b465ee728b)
Start importing Assets/TooCubeForest/userInstruction/UserIntroduction_TCF.pdf using Guid(ad363316f3dd5c74fb0230f4aa972e53) Importer(815301076,1909f56bfc062723c751e8b465ee728b)  -> (artifact id: '0a2b02bc3514d11e4810225b1d405f79') in 0.015568 seconds
  Import took 0.018412 seconds .

========================================================================
Received Prepare
Registering precompiled user dll's ...
Registered in 0.000848 seconds.
Begin MonoManager ReloadAssembly
Native extension for WindowsStandalone target not found
Refreshing native plugins compatible for Editor in 0.47 ms, found 1 plugins.
Preloading 0 native plugins for Editor in 0.00 ms.
Invoked RoslynAnalysisRunner static constructor.
RoslynAnalysisRunner will not be running.
RoslynAnalysisRunner has terminated.
Mono: successfully reloaded assembly
- Completed reload, in  0.809 seconds
Platform modules already initialized, skipping
Refreshing native plugins compatible for Editor in 0.33 ms, found 1 plugins.
Preloading 0 native plugins for Editor in 0.00 ms.
Unloading 1797 Unused Serialized files (Serialized files now loaded: 0)
System memory in use before: 84.6 MB.
System memory in use after: 84.6 MB.

Unloading 13 unused Assets to reduce memory usage. Loaded Objects now: 2247.
Total: 1.961200 ms (FindLiveObjects: 0.181700 ms CreateObjectMapping: 0.065400 ms MarkObjects: 1.628800 ms  DeleteObjects: 0.084200 ms)

========================================================================
Received Import Request.
  Time since last request: 57.359034 seconds.
  path: Assets/Pixel Font - Tripfive/_README.txt
  artifactKey: Guid(d6c1545eeaccd4df49042a0f57ac774c) Importer(815301076,1909f56bfc062723c751e8b465ee728b)
Start importing Assets/Pixel Font - Tripfive/_README.txt using Guid(d6c1545eeaccd4df49042a0f57ac774c) Importer(815301076,1909f56bfc062723c751e8b465ee728b)  -> (artifact id: '22ac53f88ed52639192fcf112f3276ad') in 0.016209 seconds
  Import took 0.019149 seconds .

========================================================================
Received Import Request.
  Time since last request: 0.007782 seconds.
  path: Assets/Pixel Font - Tripfive/_README.txt
  artifactKey: Guid(d6c1545eeaccd4df49042a0f57ac774c) Importer(815301076,1909f56bfc062723c751e8b465ee728b)
Start importing Assets/Pixel Font - Tripfive/_README.txt using Guid(d6c1545eeaccd4df49042a0f57ac774c) Importer(815301076,1909f56bfc062723c751e8b465ee728b)  -> (artifact id: '22ac53f88ed52639192fcf112f3276ad') in 0.002115 seconds
  Import took 0.005703 seconds .

========================================================================
Received Prepare
Registering precompiled user dll's ...
Registered in 0.000749 seconds.
Begin MonoManager ReloadAssembly
Native extension for WindowsStandalone target not found
Refreshing native plugins compatible for Editor in 0.34 ms, found 1 plugins.
Preloading 0 native plugins for Editor in 0.00 ms.
Invoked RoslynAnalysisRunner static constructor.
RoslynAnalysisRunner will not be running.
RoslynAnalysisRunner has terminated.
Mono: successfully reloaded assembly
- Completed reload, in  0.792 seconds
Platform modules already initialized, skipping
Refreshing native plugins compatible for Editor in 0.34 ms, found 1 plugins.
Preloading 0 native plugins for Editor in 0.00 ms.
Unloading 1798 Unused Serialized files (Serialized files now loaded: 0)
System memory in use before: 84.7 MB.
System memory in use after: 84.7 MB.

Unloading 12 unused Assets to reduce memory usage. Loaded Objects now: 2250.
Total: 2.083000 ms (FindLiveObjects: 0.228600 ms CreateObjectMapping: 0.185600 ms MarkObjects: 1.535400 ms  DeleteObjects: 0.132300 ms)

========================================================================
Received Import Request.
  Time since last request: 183.598820 seconds.
  path: Assets/07.Scenes/LobyScene.unity
  artifactKey: Guid(cfd93c8434da6d64ba681a563642d98d) Importer(815301076,1909f56bfc062723c751e8b465ee728b)
Start importing Assets/07.Scenes/LobyScene.unity using Guid(cfd93c8434da6d64ba681a563642d98d) Importer(815301076,1909f56bfc062723c751e8b465ee728b)  -> (artifact id: 'a9200ddbbaa92e4442cc6519fa203251') in 0.012417 seconds
  Import took 0.015248 seconds .

========================================================================
Received Prepare
Registering precompiled user dll's ...
Registered in 0.000629 seconds.
Begin MonoManager ReloadAssembly
Native extension for WindowsStandalone target not found
Refreshing native plugins compatible for Editor in 0.53 ms, found 1 plugins.
Preloading 0 native plugins for Editor in 0.00 ms.
Invoked RoslynAnalysisRunner static constructor.
RoslynAnalysisRunner will not be running.
RoslynAnalysisRunner has terminated.
Mono: successfully reloaded assembly
- Completed reload, in  0.802 seconds
Platform modules already initialized, skipping
Refreshing native plugins compatible for Editor in 0.34 ms, found 1 plugins.
Preloading 0 native plugins for Editor in 0.00 ms.
Unloading 1798 Unused Serialized files (Serialized files now loaded: 0)
System memory in use before: 84.8 MB.
System memory in use after: 84.8 MB.

Unloading 12 unused Assets to reduce memory usage. Loaded Objects now: 2253.
Total: 2.257300 ms (FindLiveObjects: 0.193700 ms CreateObjectMapping: 0.058000 ms MarkObjects: 1.911800 ms  DeleteObjects: 0.092700 ms)

========================================================================
Received Prepare
Registering precompiled user dll's ...
Registered in 0.000707 seconds.
Begin MonoManager ReloadAssembly
Native extension for WindowsStandalone target not found
Refreshing native plugins compatible for Editor in 0.34 ms, found 1 plugins.
Preloading 0 native plugins for Editor in 0.00 ms.
Invoked RoslynAnalysisRunner static constructor.
RoslynAnalysisRunner will not be running.
RoslynAnalysisRunner has terminated.
Mono: successfully reloaded assembly
- Completed reload, in  0.821 seconds
Platform modules already initialized, skipping
Refreshing native plugins compatible for Editor in 0.33 ms, found 1 plugins.
Preloading 0 native plugins for Editor in 0.00 ms.
Unloading 1798 Unused Serialized files (Serialized files now loaded: 0)
System memory in use before: 84.9 MB.
System memory in use after: 84.9 MB.

Unloading 12 unused Assets to reduce memory usage. Loaded Objects now: 2256.
Total: 1.788000 ms (FindLiveObjects: 0.195900 ms CreateObjectMapping: 0.061200 ms MarkObjects: 1.447000 ms  DeleteObjects: 0.082700 ms)

========================================================================
Received Prepare
Registering precompiled user dll's ...
Registered in 0.000710 seconds.
Begin MonoManager ReloadAssembly
Native extension for WindowsStandalone target not found
Refreshing native plugins compatible for Editor in 0.37 ms, found 1 plugins.
Preloading 0 native plugins for Editor in 0.00 ms.
Invoked RoslynAnalysisRunner static constructor.
RoslynAnalysisRunner will not be running.
RoslynAnalysisRunner has terminated.
Mono: successfully reloaded assembly
- Completed reload, in  0.803 seconds
Platform modules already initialized, skipping
Refreshing native plugins compatible for Editor in 0.33 ms, found 1 plugins.
Preloading 0 native plugins for Editor in 0.00 ms.
Unloading 1798 Unused Serialized files (Serialized files now loaded: 0)
System memory in use before: 85.0 MB.
System memory in use after: 85.0 MB.

Unloading 12 unused Assets to reduce memory usage. Loaded Objects now: 2259.
Total: 1.797200 ms (FindLiveObjects: 0.147000 ms CreateObjectMapping: 0.055700 ms MarkObjects: 1.508200 ms  DeleteObjects: 0.085600 ms)

========================================================================
Received Prepare
Registering precompiled user dll's ...
Registered in 0.000704 seconds.
Begin MonoManager ReloadAssembly
Native extension for WindowsStandalone target not found
Refreshing native plugins compatible for Editor in 0.37 ms, found 1 plugins.
Preloading 0 native plugins for Editor in 0.00 ms.
Invoked RoslynAnalysisRunner static constructor.
RoslynAnalysisRunner will not be running.
RoslynAnalysisRunner has terminated.
Mono: successfully reloaded assembly
- Completed reload, in  0.895 seconds
Platform modules already initialized, skipping
Refreshing native plugins compatible for Editor in 0.37 ms, found 1 plugins.
Preloading 0 native plugins for Editor in 0.00 ms.
Unloading 1798 Unused Serialized files (Serialized files now loaded: 0)
System memory in use before: 85.1 MB.
System memory in use after: 85.1 MB.

Unloading 12 unused Assets to reduce memory usage. Loaded Objects now: 2262.
Total: 1.967600 ms (FindLiveObjects: 0.213000 ms CreateObjectMapping: 0.072400 ms MarkObjects: 1.586300 ms  DeleteObjects: 0.094600 ms)

========================================================================
Received Import Request.
  Time since last request: 722.862455 seconds.
  path: Assets/02.Prefabs/EnemyBullet.prefab
  artifactKey: Guid(d58a52bdfbcbacb4191691b05a247c08) Importer(815301076,1909f56bfc062723c751e8b465ee728b)
Start importing Assets/02.Prefabs/EnemyBullet.prefab using Guid(d58a52bdfbcbacb4191691b05a247c08) Importer(815301076,1909f56bfc062723c751e8b465ee728b)  -> (artifact id: 'e4f62721c45887a36b301d741eaaffa0') in 0.134197 seconds
  Import took 0.138453 seconds .

========================================================================
Received Prepare
Registering precompiled user dll's ...
Registered in 0.000647 seconds.
Begin MonoManager ReloadAssembly
Native extension for WindowsStandalone target not found
Refreshing native plugins compatible for Editor in 0.34 ms, found 1 plugins.
Preloading 0 native plugins for Editor in 0.00 ms.
Invoked RoslynAnalysisRunner static constructor.
RoslynAnalysisRunner will not be running.
RoslynAnalysisRunner has terminated.
Mono: successfully reloaded assembly
- Completed reload, in  0.832 seconds
Platform modules already initialized, skipping
Refreshing native plugins compatible for Editor in 0.35 ms, found 1 plugins.
Preloading 0 native plugins for Editor in 0.00 ms.
Unloading 1798 Unused Serialized files (Serialized files now loaded: 0)
System memory in use before: 88.3 MB.
System memory in use after: 88.3 MB.

Unloading 12 unused Assets to reduce memory usage. Loaded Objects now: 2272.
Total: 2.183100 ms (FindLiveObjects: 0.165900 ms CreateObjectMapping: 0.063700 ms MarkObjects: 1.860100 ms  DeleteObjects: 0.092600 ms)

========================================================================
Received Prepare
Registering precompiled user dll's ...
Registered in 0.000752 seconds.
Begin MonoManager ReloadAssembly
Native extension for WindowsStandalone target not found
Refreshing native plugins compatible for Editor in 0.34 ms, found 1 plugins.
Preloading 0 native plugins for Editor in 0.00 ms.
Invoked RoslynAnalysisRunner static constructor.
RoslynAnalysisRunner will not be running.
RoslynAnalysisRunner has terminated.
Mono: successfully reloaded assembly
- Completed reload, in  0.808 seconds
Platform modules already initialized, skipping
Refreshing native plugins compatible for Editor in 0.43 ms, found 1 plugins.
Preloading 0 native plugins for Editor in 0.00 ms.
Unloading 1798 Unused Serialized files (Serialized files now loaded: 0)
System memory in use before: 88.4 MB.
System memory in use after: 88.4 MB.

Unloading 12 unused Assets to reduce memory usage. Loaded Objects now: 2275.
Total: 2.228200 ms (FindLiveObjects: 0.182800 ms CreateObjectMapping: 0.068200 ms MarkObjects: 1.883900 ms  DeleteObjects: 0.091800 ms)

AssetImportWorkerClient::OnTransportError - code=2 error=End of file
