Using pre-set license
Built from '2020.2/release' branch; Version is '2020.2.1f1 (270dd8c3da1c) revision 2559448'; Using compiler version '192528614'; Build Type 'Release'
OS: 'Windows 10  (10.0.0) 64bit' Language: 'ko' Physical Memory: 16233 MB
BatchMode: 1, IsHumanControllingUs: 0, StartBugReporterOnCrash: 0, Is64bit: 1, IsPro: 0

 COMMAND LINE ARGUMENTS:
C:\Program Files\Unity\Hub\Editor\2020.2.1f1\Editor\Unity.exe
-adb2
-batchMode
-noUpm
-name
AssetImportWorker0
-projectPath
D:/souretreee/UnitySchoolProject/2-1/RUNandSHOT
-logFile
Logs/AssetImportWorker0.log
-srvPort
58299
Successfully changed project path to: D:/souretreee/UnitySchoolProject/2-1/RUNandSHOT
D:/souretreee/UnitySchoolProject/2-1/RUNandSHOT
Using Asset Import Pipeline V2.
Refreshing native plugins compatible for Editor in 33.18 ms, found 1 plugins.
Preloading 0 native plugins for Editor in 0.00 ms.
Initialize engine version: 2020.2.1f1 (270dd8c3da1c)
[Subsystems] Discovering subsystems at path C:/Program Files/Unity/Hub/Editor/2020.2.1f1/Editor/Data/Resources/UnitySubsystems
[Subsystems] Discovering subsystems at path D:/souretreee/UnitySchoolProject/2-1/RUNandSHOT/Assets
GfxDevice: creating device client; threaded=0
Direct3D:
    Version:  Direct3D 11.0 [level 11.1]
    Renderer: NVIDIA GeForce RTX 2060 (ID=0x1f11)
    Vendor:   
    VRAM:     5980 MB
    Driver:   26.21.14.3187
Initialize mono
Mono path[0] = 'C:/Program Files/Unity/Hub/Editor/2020.2.1f1/Editor/Data/Managed'
Mono path[1] = 'C:/Program Files/Unity/Hub/Editor/2020.2.1f1/Editor/Data/MonoBleedingEdge/lib/mono/unityjit'
Mono config path = 'C:/Program Files/Unity/Hub/Editor/2020.2.1f1/Editor/Data/MonoBleedingEdge/etc'
Using monoOptions --debugger-agent=transport=dt_socket,embedding=1,server=y,suspend=n,address=127.0.0.1:56704
Begin MonoManager ReloadAssembly
Registering precompiled unity dll's ...
Register platform support module: C:/Program Files/Unity/Hub/Editor/2020.2.1f1/Editor/Data/PlaybackEngines/WindowsStandaloneSupport/UnityEditor.WindowsStandalone.Extensions.dll
Registered in 0.001564 seconds.
Native extension for WindowsStandalone target not found
Refreshing native plugins compatible for Editor in 36.19 ms, found 1 plugins.
Preloading 0 native plugins for Editor in 0.00 ms.
Invoked RoslynAnalysisRunner static constructor.
RoslynAnalysisRunner will not be running.
RoslynAnalysisRunner has terminated.
Mono: successfully reloaded assembly
- Completed reload, in  1.765 seconds
Platform modules already initialized, skipping
Registering precompiled user dll's ...
Registered in 0.000842 seconds.
Begin MonoManager ReloadAssembly
Native extension for WindowsStandalone target not found
Refreshing native plugins compatible for Editor in 33.64 ms, found 1 plugins.
Preloading 0 native plugins for Editor in 0.00 ms.
Invoked RoslynAnalysisRunner static constructor.
RoslynAnalysisRunner will not be running.
RoslynAnalysisRunner has terminated.
Mono: successfully reloaded assembly
- Completed reload, in  0.950 seconds
Platform modules already initialized, skipping
========================================================================
Worker process is ready to serve import requests
Launched and connected shader compiler UnityShaderCompiler.exe after 0.03 seconds
Refreshing native plugins compatible for Editor in 0.35 ms, found 1 plugins.
Preloading 0 native plugins for Editor in 0.00 ms.
Unloading 1800 Unused Serialized files (Serialized files now loaded: 0)
System memory in use before: 84.5 MB.
System memory in use after: 84.5 MB.

Unloading 24 unused Assets to reduce memory usage. Loaded Objects now: 2244.
Total: 2.105000 ms (FindLiveObjects: 0.169100 ms CreateObjectMapping: 0.064800 ms MarkObjects: 1.771200 ms  DeleteObjects: 0.098600 ms)

========================================================================
Received Import Request.
  path: Assets/03.Sprites/001 Pixel Art pack_Creatures of the Night_vampires/Documentation/promo.jpg
  artifactKey: Guid(3a8074864e02be94d8d6a287f74d56b3) Importer(815301076,1909f56bfc062723c751e8b465ee728b)
Start importing Assets/03.Sprites/001 Pixel Art pack_Creatures of the Night_vampires/Documentation/promo.jpg using Guid(3a8074864e02be94d8d6a287f74d56b3) Importer(815301076,1909f56bfc062723c751e8b465ee728b)  -> (artifact id: '1564fee0bfb884dd1c17a5ec3af0b0da') in 0.100100 seconds
  Import took 0.102803 seconds .

========================================================================
Received Import Request.
  Time since last request: 0.000243 seconds.
  path: Assets/03.Sprites/001 Pixel Art pack_Creatures of the Night_vampires/Documentation/Instructions and notes.txt
  artifactKey: Guid(b6e5b6831c1b40d439a6955e73ea2010) Importer(815301076,1909f56bfc062723c751e8b465ee728b)
Start importing Assets/03.Sprites/001 Pixel Art pack_Creatures of the Night_vampires/Documentation/Instructions and notes.txt using Guid(b6e5b6831c1b40d439a6955e73ea2010) Importer(815301076,1909f56bfc062723c751e8b465ee728b)  -> (artifact id: 'a4830ba206b30d2c40629bb1c0415fe0') in 0.007214 seconds
  Import took 0.009672 seconds .

========================================================================
Received Import Request.
  Time since last request: 0.000278 seconds.
  path: Assets/03.Sprites/001 Pixel Art pack_Creatures of the Night_vampires/Documentation/metrics.png
  artifactKey: Guid(59bfe01c44ad884469b6e1d430b368c6) Importer(815301076,1909f56bfc062723c751e8b465ee728b)
Start importing Assets/03.Sprites/001 Pixel Art pack_Creatures of the Night_vampires/Documentation/metrics.png using Guid(59bfe01c44ad884469b6e1d430b368c6) Importer(815301076,1909f56bfc062723c751e8b465ee728b)  -> (artifact id: '204747e68ea1b51a6868010d960bc58a') in 0.012722 seconds
  Import took 0.015216 seconds .

========================================================================
Received Import Request.
  Time since last request: 30.394177 seconds.
  path: Assets/03.Sprites/EVil Wizard/License.txt
  artifactKey: Guid(f8486aacc4624a24ba5ad1f5b2a5e1ae) Importer(815301076,1909f56bfc062723c751e8b465ee728b)
Start importing Assets/03.Sprites/EVil Wizard/License.txt using Guid(f8486aacc4624a24ba5ad1f5b2a5e1ae) Importer(815301076,1909f56bfc062723c751e8b465ee728b)  -> (artifact id: '50d32c190dd2a6e015fb9a043e1c7ef3') in 0.006885 seconds
  Import took 0.009697 seconds .

========================================================================
Received Import Request.
  Time since last request: 0.000858 seconds.
  path: Assets/03.Sprites/EVil Wizard/License.txt
  artifactKey: Guid(f8486aacc4624a24ba5ad1f5b2a5e1ae) Importer(815301076,1909f56bfc062723c751e8b465ee728b)
Start importing Assets/03.Sprites/EVil Wizard/License.txt using Guid(f8486aacc4624a24ba5ad1f5b2a5e1ae) Importer(815301076,1909f56bfc062723c751e8b465ee728b)  -> (artifact id: '50d32c190dd2a6e015fb9a043e1c7ef3') in 0.002059 seconds
  Import took 0.004948 seconds .

========================================================================
Received Prepare
Registering precompiled user dll's ...
Registered in 0.000829 seconds.
Begin MonoManager ReloadAssembly
Native extension for WindowsStandalone target not found
Refreshing native plugins compatible for Editor in 0.34 ms, found 1 plugins.
Preloading 0 native plugins for Editor in 0.00 ms.
Invoked RoslynAnalysisRunner static constructor.
RoslynAnalysisRunner will not be running.
RoslynAnalysisRunner has terminated.
Mono: successfully reloaded assembly
- Completed reload, in  0.801 seconds
Platform modules already initialized, skipping
Refreshing native plugins compatible for Editor in 0.33 ms, found 1 plugins.
Preloading 0 native plugins for Editor in 0.00 ms.
Unloading 1797 Unused Serialized files (Serialized files now loaded: 0)
System memory in use before: 87.7 MB.
System memory in use after: 87.7 MB.

Unloading 12 unused Assets to reduce memory usage. Loaded Objects now: 2255.
Total: 1.921200 ms (FindLiveObjects: 0.167100 ms CreateObjectMapping: 0.056800 ms MarkObjects: 1.612900 ms  DeleteObjects: 0.083500 ms)

========================================================================
Received Import Request.
  Time since last request: 864.671431 seconds.
  path: Assets/TooCubeForest/userInstruction
  artifactKey: Guid(d95a0fff30ca10f4f93fcddb5bbe6f93) Importer(815301076,1909f56bfc062723c751e8b465ee728b)
Start importing Assets/TooCubeForest/userInstruction using Guid(d95a0fff30ca10f4f93fcddb5bbe6f93) Importer(815301076,1909f56bfc062723c751e8b465ee728b)  -> (artifact id: '2f9de47a3cc40bfd0dd977083161d95e') in 0.011061 seconds
  Import took 0.014234 seconds .

========================================================================
Received Import Request.
  Time since last request: 0.592716 seconds.
  path: Assets/TooCubeForest/userInstruction/UserIntroduction_TCF.pdf
  artifactKey: Guid(ad363316f3dd5c74fb0230f4aa972e53) Importer(815301076,1909f56bfc062723c751e8b465ee728b)
Start importing Assets/TooCubeForest/userInstruction/UserIntroduction_TCF.pdf using Guid(ad363316f3dd5c74fb0230f4aa972e53) Importer(815301076,1909f56bfc062723c751e8b465ee728b)  -> (artifact id: '0a2b02bc3514d11e4810225b1d405f79') in 0.019788 seconds
  Import took 0.022574 seconds .

========================================================================
Received Import Request.
  Time since last request: 245.233381 seconds.
  path: Assets/01.Scripts/UI/UIManager.cs
  artifactKey: Guid(728720d9bf1872e40b4a5b3d6e910db5) Importer(815301076,1909f56bfc062723c751e8b465ee728b)
Start importing Assets/01.Scripts/UI/UIManager.cs using Guid(728720d9bf1872e40b4a5b3d6e910db5) Importer(815301076,1909f56bfc062723c751e8b465ee728b)  -> (artifact id: '2bc585d1ee4e1ff4a7d362d687199507') in 0.014976 seconds
  Import took 0.018676 seconds .

========================================================================
Received Import Request.
  Time since last request: 0.000438 seconds.
  path: Assets/01.Scripts/UI/UIManager.cs
  artifactKey: Guid(728720d9bf1872e40b4a5b3d6e910db5) Importer(815301076,1909f56bfc062723c751e8b465ee728b)
Start importing Assets/01.Scripts/UI/UIManager.cs using Guid(728720d9bf1872e40b4a5b3d6e910db5) Importer(815301076,1909f56bfc062723c751e8b465ee728b)  -> (artifact id: '2bc585d1ee4e1ff4a7d362d687199507') in 0.002185 seconds
  Import took 0.004928 seconds .

========================================================================
Received Import Request.
  Time since last request: 1.368748 seconds.
  path: Assets/01.Scripts/UI/BtnClick.cs
  artifactKey: Guid(a3e89423db6d7f642bc348b586dc66ac) Importer(815301076,1909f56bfc062723c751e8b465ee728b)
Start importing Assets/01.Scripts/UI/BtnClick.cs using Guid(a3e89423db6d7f642bc348b586dc66ac) Importer(815301076,1909f56bfc062723c751e8b465ee728b)  -> (artifact id: 'c681b6402b15c8ef6923f8e05d4631e1') in 0.008128 seconds
  Import took 0.012728 seconds .

========================================================================
Received Prepare
Registering precompiled user dll's ...
Registered in 0.000717 seconds.
Begin MonoManager ReloadAssembly
Native extension for WindowsStandalone target not found
Refreshing native plugins compatible for Editor in 0.34 ms, found 1 plugins.
Preloading 0 native plugins for Editor in 0.00 ms.
Invoked RoslynAnalysisRunner static constructor.
RoslynAnalysisRunner will not be running.
RoslynAnalysisRunner has terminated.
Mono: successfully reloaded assembly
- Completed reload, in  0.816 seconds
Platform modules already initialized, skipping
Refreshing native plugins compatible for Editor in 0.43 ms, found 1 plugins.
Preloading 0 native plugins for Editor in 0.00 ms.
Unloading 1798 Unused Serialized files (Serialized files now loaded: 0)
System memory in use before: 87.8 MB.
System memory in use after: 87.8 MB.

Unloading 12 unused Assets to reduce memory usage. Loaded Objects now: 2258.
Total: 1.862600 ms (FindLiveObjects: 0.198600 ms CreateObjectMapping: 0.099700 ms MarkObjects: 1.476600 ms  DeleteObjects: 0.086300 ms)

========================================================================
Received Import Request.
  Time since last request: 261.415653 seconds.
  path: Assets/07.Scenes/PlayScene.unity
  artifactKey: Guid(410b6fbcba5127046ab8cb434356a5f9) Importer(815301076,1909f56bfc062723c751e8b465ee728b)
Start importing Assets/07.Scenes/PlayScene.unity using Guid(410b6fbcba5127046ab8cb434356a5f9) Importer(815301076,1909f56bfc062723c751e8b465ee728b)  -> (artifact id: '52126d2046a8754a7fec2e0ab9953e85') in 0.015372 seconds
  Import took 0.018478 seconds .

========================================================================
Received Prepare
Registering precompiled user dll's ...
Registered in 0.000724 seconds.
Begin MonoManager ReloadAssembly
Native extension for WindowsStandalone target not found
Refreshing native plugins compatible for Editor in 0.35 ms, found 1 plugins.
Preloading 0 native plugins for Editor in 0.00 ms.
Invoked RoslynAnalysisRunner static constructor.
RoslynAnalysisRunner will not be running.
RoslynAnalysisRunner has terminated.
Mono: successfully reloaded assembly
- Completed reload, in  0.816 seconds
Platform modules already initialized, skipping
Refreshing native plugins compatible for Editor in 0.34 ms, found 1 plugins.
Preloading 0 native plugins for Editor in 0.00 ms.
Unloading 1798 Unused Serialized files (Serialized files now loaded: 0)
System memory in use before: 87.9 MB.
System memory in use after: 87.9 MB.

Unloading 12 unused Assets to reduce memory usage. Loaded Objects now: 2261.
Total: 2.005200 ms (FindLiveObjects: 0.185000 ms CreateObjectMapping: 0.069700 ms MarkObjects: 1.660000 ms  DeleteObjects: 0.089500 ms)

========================================================================
Received Import Request.
  Time since last request: 229.897646 seconds.
  path: Assets/01.Scripts/Game/MonsterMove.cs
  artifactKey: Guid(2147edea94a6e29458b7c20227295c89) Importer(815301076,1909f56bfc062723c751e8b465ee728b)
Start importing Assets/01.Scripts/Game/MonsterMove.cs using Guid(2147edea94a6e29458b7c20227295c89) Importer(815301076,1909f56bfc062723c751e8b465ee728b)  -> (artifact id: '063abbd834219847f4f4ec4fe675abe0') in 0.007672 seconds
  Import took 0.010978 seconds .

========================================================================
Received Import Request.
  Time since last request: 0.023118 seconds.
  path: Assets/01.Scripts/Game/MonsterMove.cs
  artifactKey: Guid(2147edea94a6e29458b7c20227295c89) Importer(815301076,1909f56bfc062723c751e8b465ee728b)
Start importing Assets/01.Scripts/Game/MonsterMove.cs using Guid(2147edea94a6e29458b7c20227295c89) Importer(815301076,1909f56bfc062723c751e8b465ee728b)  -> (artifact id: '063abbd834219847f4f4ec4fe675abe0') in 0.002185 seconds
  Import took 0.004995 seconds .

========================================================================
Received Import Request.
  Time since last request: 12.370107 seconds.
  path: Assets/01.Scripts/Game/GameManager.cs
  artifactKey: Guid(7f05854b0f057df438e65a7016ae1c5a) Importer(815301076,1909f56bfc062723c751e8b465ee728b)
Start importing Assets/01.Scripts/Game/GameManager.cs using Guid(7f05854b0f057df438e65a7016ae1c5a) Importer(815301076,1909f56bfc062723c751e8b465ee728b)  -> (artifact id: '01075587e6f16173b1c26b258ff1e32f') in 0.006441 seconds
  Import took 0.009667 seconds .

========================================================================
Received Import Request.
  Time since last request: 57.563447 seconds.
  path: Assets/01.Scripts/Game/PlayerMove.cs
  artifactKey: Guid(3eb5e46b0a4b2ae408f82d6475ddd0d5) Importer(815301076,1909f56bfc062723c751e8b465ee728b)
Start importing Assets/01.Scripts/Game/PlayerMove.cs using Guid(3eb5e46b0a4b2ae408f82d6475ddd0d5) Importer(815301076,1909f56bfc062723c751e8b465ee728b)  -> (artifact id: '7f33b52bfea54101f9399ebf484e589a') in 0.005793 seconds
  Import took 0.009445 seconds .

========================================================================
Received Import Request.
  Time since last request: 0.003294 seconds.
  path: Assets/01.Scripts/Game/PlayerMove.cs
  artifactKey: Guid(3eb5e46b0a4b2ae408f82d6475ddd0d5) Importer(815301076,1909f56bfc062723c751e8b465ee728b)
Start importing Assets/01.Scripts/Game/PlayerMove.cs using Guid(3eb5e46b0a4b2ae408f82d6475ddd0d5) Importer(815301076,1909f56bfc062723c751e8b465ee728b)  -> (artifact id: '7f33b52bfea54101f9399ebf484e589a') in 0.002373 seconds
  Import took 0.005433 seconds .

========================================================================
Received Prepare
Registering precompiled user dll's ...
Registered in 0.000714 seconds.
Begin MonoManager ReloadAssembly
Native extension for WindowsStandalone target not found
Refreshing native plugins compatible for Editor in 0.34 ms, found 1 plugins.
Preloading 0 native plugins for Editor in 0.00 ms.
Invoked RoslynAnalysisRunner static constructor.
RoslynAnalysisRunner will not be running.
RoslynAnalysisRunner has terminated.
Mono: successfully reloaded assembly
- Completed reload, in  0.796 seconds
Platform modules already initialized, skipping
Refreshing native plugins compatible for Editor in 0.33 ms, found 1 plugins.
Preloading 0 native plugins for Editor in 0.00 ms.
Unloading 1798 Unused Serialized files (Serialized files now loaded: 0)
System memory in use before: 88.0 MB.
System memory in use after: 88.0 MB.

Unloading 12 unused Assets to reduce memory usage. Loaded Objects now: 2264.
Total: 2.140500 ms (FindLiveObjects: 0.182900 ms CreateObjectMapping: 0.064800 ms MarkObjects: 1.804900 ms  DeleteObjects: 0.086900 ms)

========================================================================
Received Import Request.
  Time since last request: 68.928348 seconds.
  path: Assets/01.Scripts/Game/PlayerMove.cs
  artifactKey: Guid(3eb5e46b0a4b2ae408f82d6475ddd0d5) Importer(815301076,1909f56bfc062723c751e8b465ee728b)
Start importing Assets/01.Scripts/Game/PlayerMove.cs using Guid(3eb5e46b0a4b2ae408f82d6475ddd0d5) Importer(815301076,1909f56bfc062723c751e8b465ee728b)  -> (artifact id: '859f82227c16b4a147b542dec1226f02') in 0.003574 seconds
  Import took 0.006103 seconds .

========================================================================
Received Import Request.
  Time since last request: 28.608032 seconds.
  path: Assets/07.Scenes/StartScene.unity
  artifactKey: Guid(10ecfcd6018976a4ea3a9d28f4940265) Importer(815301076,1909f56bfc062723c751e8b465ee728b)
Start importing Assets/07.Scenes/StartScene.unity using Guid(10ecfcd6018976a4ea3a9d28f4940265) Importer(815301076,1909f56bfc062723c751e8b465ee728b)  -> (artifact id: 'dfdffb17525d1f5dde6fde0bbf660a9a') in 0.012708 seconds
  Import took 0.015660 seconds .

========================================================================
Received Import Request.
  Time since last request: 0.749808 seconds.
  path: Assets/07.Scenes/PlayScene.unity
  artifactKey: Guid(410b6fbcba5127046ab8cb434356a5f9) Importer(815301076,1909f56bfc062723c751e8b465ee728b)
Start importing Assets/07.Scenes/PlayScene.unity using Guid(410b6fbcba5127046ab8cb434356a5f9) Importer(815301076,1909f56bfc062723c751e8b465ee728b)  -> (artifact id: '2650b4eac45732926a0a91b70851ec3d') in 0.002485 seconds
  Import took 0.005560 seconds .

========================================================================
Received Prepare
Registering precompiled user dll's ...
Registered in 0.000796 seconds.
Begin MonoManager ReloadAssembly
Native extension for WindowsStandalone target not found
Refreshing native plugins compatible for Editor in 0.34 ms, found 1 plugins.
Preloading 0 native plugins for Editor in 0.00 ms.
Invoked RoslynAnalysisRunner static constructor.
RoslynAnalysisRunner will not be running.
RoslynAnalysisRunner has terminated.
Mono: successfully reloaded assembly
- Completed reload, in  0.777 seconds
Platform modules already initialized, skipping
Refreshing native plugins compatible for Editor in 0.33 ms, found 1 plugins.
Preloading 0 native plugins for Editor in 0.00 ms.
Unloading 1798 Unused Serialized files (Serialized files now loaded: 0)
System memory in use before: 88.1 MB.
System memory in use after: 88.1 MB.

Unloading 12 unused Assets to reduce memory usage. Loaded Objects now: 2267.
Total: 2.384800 ms (FindLiveObjects: 0.295400 ms CreateObjectMapping: 0.101800 ms MarkObjects: 1.889100 ms  DeleteObjects: 0.097300 ms)

========================================================================
Received Prepare
Registering precompiled user dll's ...
Registered in 0.000717 seconds.
Begin MonoManager ReloadAssembly
Native extension for WindowsStandalone target not found
Refreshing native plugins compatible for Editor in 0.34 ms, found 1 plugins.
Preloading 0 native plugins for Editor in 0.00 ms.
Invoked RoslynAnalysisRunner static constructor.
RoslynAnalysisRunner will not be running.
RoslynAnalysisRunner has terminated.
Mono: successfully reloaded assembly
- Completed reload, in  0.843 seconds
Platform modules already initialized, skipping
Refreshing native plugins compatible for Editor in 0.34 ms, found 1 plugins.
Preloading 0 native plugins for Editor in 0.00 ms.
Unloading 1798 Unused Serialized files (Serialized files now loaded: 0)
System memory in use before: 88.2 MB.
System memory in use after: 88.2 MB.

Unloading 12 unused Assets to reduce memory usage. Loaded Objects now: 2270.
Total: 2.012000 ms (FindLiveObjects: 0.185700 ms CreateObjectMapping: 0.065500 ms MarkObjects: 1.630900 ms  DeleteObjects: 0.129000 ms)

========================================================================
Received Import Request.
  Time since last request: 192.906402 seconds.
  path: Assets/07.Scenes/PlayScene.unity
  artifactKey: Guid(410b6fbcba5127046ab8cb434356a5f9) Importer(815301076,1909f56bfc062723c751e8b465ee728b)
Start importing Assets/07.Scenes/PlayScene.unity using Guid(410b6fbcba5127046ab8cb434356a5f9) Importer(815301076,1909f56bfc062723c751e8b465ee728b)  -> (artifact id: '918da0b4f35d2f51b1ee48a6b5b9ec12') in 0.012253 seconds
  Import took 0.015215 seconds .

========================================================================
Received Prepare
Registering precompiled user dll's ...
Registered in 0.000745 seconds.
Begin MonoManager ReloadAssembly
Native extension for WindowsStandalone target not found
Refreshing native plugins compatible for Editor in 0.34 ms, found 1 plugins.
Preloading 0 native plugins for Editor in 0.00 ms.
Invoked RoslynAnalysisRunner static constructor.
RoslynAnalysisRunner will not be running.
RoslynAnalysisRunner has terminated.
Mono: successfully reloaded assembly
- Completed reload, in  0.850 seconds
Platform modules already initialized, skipping
Refreshing native plugins compatible for Editor in 0.34 ms, found 1 plugins.
Preloading 0 native plugins for Editor in 0.00 ms.
Unloading 1798 Unused Serialized files (Serialized files now loaded: 0)
System memory in use before: 88.4 MB.
System memory in use after: 88.3 MB.

Unloading 12 unused Assets to reduce memory usage. Loaded Objects now: 2273.
Total: 2.164700 ms (FindLiveObjects: 0.170600 ms CreateObjectMapping: 0.063100 ms MarkObjects: 1.834700 ms  DeleteObjects: 0.095400 ms)

========================================================================
Received Prepare
Registering precompiled user dll's ...
Registered in 0.000814 seconds.
Begin MonoManager ReloadAssembly
Native extension for WindowsStandalone target not found
Refreshing native plugins compatible for Editor in 0.34 ms, found 1 plugins.
Preloading 0 native plugins for Editor in 0.00 ms.
Invoked RoslynAnalysisRunner static constructor.
RoslynAnalysisRunner will not be running.
RoslynAnalysisRunner has terminated.
Mono: successfully reloaded assembly
- Completed reload, in  0.825 seconds
Platform modules already initialized, skipping
Refreshing native plugins compatible for Editor in 0.34 ms, found 1 plugins.
Preloading 0 native plugins for Editor in 0.00 ms.
Unloading 1798 Unused Serialized files (Serialized files now loaded: 0)
System memory in use before: 88.5 MB.
System memory in use after: 88.4 MB.

Unloading 12 unused Assets to reduce memory usage. Loaded Objects now: 2276.
Total: 2.127000 ms (FindLiveObjects: 0.166100 ms CreateObjectMapping: 0.058500 ms MarkObjects: 1.812200 ms  DeleteObjects: 0.089100 ms)

========================================================================
Received Prepare
Registering precompiled user dll's ...
Registered in 0.000794 seconds.
Begin MonoManager ReloadAssembly
Native extension for WindowsStandalone target not found
Refreshing native plugins compatible for Editor in 0.34 ms, found 1 plugins.
Preloading 0 native plugins for Editor in 0.00 ms.
Invoked RoslynAnalysisRunner static constructor.
RoslynAnalysisRunner will not be running.
RoslynAnalysisRunner has terminated.
Mono: successfully reloaded assembly
- Completed reload, in  0.803 seconds
Platform modules already initialized, skipping
Refreshing native plugins compatible for Editor in 0.33 ms, found 1 plugins.
Preloading 0 native plugins for Editor in 0.00 ms.
Unloading 1798 Unused Serialized files (Serialized files now loaded: 0)
System memory in use before: 88.5 MB.
System memory in use after: 88.5 MB.

Unloading 12 unused Assets to reduce memory usage. Loaded Objects now: 2279.
Total: 2.075400 ms (FindLiveObjects: 0.189000 ms CreateObjectMapping: 0.054400 ms MarkObjects: 1.746700 ms  DeleteObjects: 0.084100 ms)

========================================================================
Received Prepare
Registering precompiled user dll's ...
Registered in 0.000745 seconds.
Begin MonoManager ReloadAssembly
Native extension for WindowsStandalone target not found
Refreshing native plugins compatible for Editor in 0.35 ms, found 1 plugins.
Preloading 0 native plugins for Editor in 0.00 ms.
Invoked RoslynAnalysisRunner static constructor.
RoslynAnalysisRunner will not be running.
RoslynAnalysisRunner has terminated.
Mono: successfully reloaded assembly
- Completed reload, in  0.846 seconds
Platform modules already initialized, skipping
Refreshing native plugins compatible for Editor in 0.37 ms, found 1 plugins.
Preloading 0 native plugins for Editor in 0.00 ms.
Unloading 1798 Unused Serialized files (Serialized files now loaded: 0)
System memory in use before: 88.6 MB.
System memory in use after: 88.6 MB.

Unloading 12 unused Assets to reduce memory usage. Loaded Objects now: 2282.
Total: 2.412700 ms (FindLiveObjects: 0.310700 ms CreateObjectMapping: 0.109400 ms MarkObjects: 1.898200 ms  DeleteObjects: 0.093000 ms)

========================================================================
Received Prepare
Registering precompiled user dll's ...
Registered in 0.000867 seconds.
Begin MonoManager ReloadAssembly
Native extension for WindowsStandalone target not found
Refreshing native plugins compatible for Editor in 0.39 ms, found 1 plugins.
Preloading 0 native plugins for Editor in 0.00 ms.
Invoked RoslynAnalysisRunner static constructor.
RoslynAnalysisRunner will not be running.
RoslynAnalysisRunner has terminated.
Mono: successfully reloaded assembly
- Completed reload, in  0.974 seconds
Platform modules already initialized, skipping
Refreshing native plugins compatible for Editor in 0.65 ms, found 1 plugins.
Preloading 0 native plugins for Editor in 0.00 ms.
Unloading 1798 Unused Serialized files (Serialized files now loaded: 0)
System memory in use before: 88.7 MB.
System memory in use after: 88.7 MB.

Unloading 12 unused Assets to reduce memory usage. Loaded Objects now: 2285.
Total: 3.462100 ms (FindLiveObjects: 0.270300 ms CreateObjectMapping: 0.082100 ms MarkObjects: 2.951900 ms  DeleteObjects: 0.156400 ms)

========================================================================
Received Prepare
Registering precompiled user dll's ...
Registered in 0.000753 seconds.
Begin MonoManager ReloadAssembly
Native extension for WindowsStandalone target not found
Refreshing native plugins compatible for Editor in 0.35 ms, found 1 plugins.
Preloading 0 native plugins for Editor in 0.00 ms.
Invoked RoslynAnalysisRunner static constructor.
RoslynAnalysisRunner will not be running.
RoslynAnalysisRunner has terminated.
Mono: successfully reloaded assembly
- Completed reload, in  0.858 seconds
Platform modules already initialized, skipping
Refreshing native plugins compatible for Editor in 0.44 ms, found 1 plugins.
Preloading 0 native plugins for Editor in 0.00 ms.
Unloading 1798 Unused Serialized files (Serialized files now loaded: 0)
System memory in use before: 88.8 MB.
System memory in use after: 88.8 MB.

Unloading 12 unused Assets to reduce memory usage. Loaded Objects now: 2288.
Total: 1.886600 ms (FindLiveObjects: 0.160700 ms CreateObjectMapping: 0.056300 ms MarkObjects: 1.576400 ms  DeleteObjects: 0.092500 ms)

========================================================================
Received Prepare
Registering precompiled user dll's ...
Registered in 0.000728 seconds.
Begin MonoManager ReloadAssembly
Native extension for WindowsStandalone target not found
Refreshing native plugins compatible for Editor in 0.34 ms, found 1 plugins.
Preloading 0 native plugins for Editor in 0.00 ms.
Invoked RoslynAnalysisRunner static constructor.
RoslynAnalysisRunner will not be running.
RoslynAnalysisRunner has terminated.
Mono: successfully reloaded assembly
- Completed reload, in  0.830 seconds
Platform modules already initialized, skipping
Refreshing native plugins compatible for Editor in 0.34 ms, found 1 plugins.
Preloading 0 native plugins for Editor in 0.00 ms.
Unloading 1798 Unused Serialized files (Serialized files now loaded: 0)
System memory in use before: 88.9 MB.
System memory in use after: 88.9 MB.

Unloading 12 unused Assets to reduce memory usage. Loaded Objects now: 2291.
Total: 2.462900 ms (FindLiveObjects: 0.449600 ms CreateObjectMapping: 0.126300 ms MarkObjects: 1.796200 ms  DeleteObjects: 0.089800 ms)

========================================================================
Received Import Request.
  Time since last request: 1008.009863 seconds.
  path: Assets/07.Scenes/PlayScene.unity
  artifactKey: Guid(410b6fbcba5127046ab8cb434356a5f9) Importer(815301076,1909f56bfc062723c751e8b465ee728b)
Start importing Assets/07.Scenes/PlayScene.unity using Guid(410b6fbcba5127046ab8cb434356a5f9) Importer(815301076,1909f56bfc062723c751e8b465ee728b)  -> (artifact id: '6947a90106390dc13ea629837e01758c') in 0.011894 seconds
  Import took 0.014804 seconds .

========================================================================
Received Prepare
Registering precompiled user dll's ...
Registered in 0.000845 seconds.
Begin MonoManager ReloadAssembly
Native extension for WindowsStandalone target not found
Refreshing native plugins compatible for Editor in 0.33 ms, found 1 plugins.
Preloading 0 native plugins for Editor in 0.00 ms.
Invoked RoslynAnalysisRunner static constructor.
RoslynAnalysisRunner will not be running.
RoslynAnalysisRunner has terminated.
Mono: successfully reloaded assembly
- Completed reload, in  0.831 seconds
Platform modules already initialized, skipping
Refreshing native plugins compatible for Editor in 0.33 ms, found 1 plugins.
Preloading 0 native plugins for Editor in 0.00 ms.
Unloading 1798 Unused Serialized files (Serialized files now loaded: 0)
System memory in use before: 89.0 MB.
System memory in use after: 89.0 MB.

Unloading 12 unused Assets to reduce memory usage. Loaded Objects now: 2294.
Total: 2.256100 ms (FindLiveObjects: 0.261100 ms CreateObjectMapping: 0.073400 ms MarkObjects: 1.829000 ms  DeleteObjects: 0.091700 ms)

========================================================================
Received Prepare
Registering precompiled user dll's ...
Registered in 0.000703 seconds.
Begin MonoManager ReloadAssembly
Native extension for WindowsStandalone target not found
Refreshing native plugins compatible for Editor in 0.34 ms, found 1 plugins.
Preloading 0 native plugins for Editor in 0.00 ms.
Invoked RoslynAnalysisRunner static constructor.
RoslynAnalysisRunner will not be running.
RoslynAnalysisRunner has terminated.
Mono: successfully reloaded assembly
- Completed reload, in  0.864 seconds
Platform modules already initialized, skipping
Refreshing native plugins compatible for Editor in 0.36 ms, found 1 plugins.
Preloading 0 native plugins for Editor in 0.00 ms.
Unloading 1798 Unused Serialized files (Serialized files now loaded: 0)
System memory in use before: 89.1 MB.
System memory in use after: 89.1 MB.

Unloading 12 unused Assets to reduce memory usage. Loaded Objects now: 2297.
Total: 2.146100 ms (FindLiveObjects: 0.186600 ms CreateObjectMapping: 0.088300 ms MarkObjects: 1.774600 ms  DeleteObjects: 0.095500 ms)

========================================================================
Received Prepare
Registering precompiled user dll's ...
Registered in 0.000652 seconds.
Begin MonoManager ReloadAssembly
Native extension for WindowsStandalone target not found
Refreshing native plugins compatible for Editor in 0.34 ms, found 1 plugins.
Preloading 0 native plugins for Editor in 0.00 ms.
Invoked RoslynAnalysisRunner static constructor.
RoslynAnalysisRunner will not be running.
RoslynAnalysisRunner has terminated.
Mono: successfully reloaded assembly
- Completed reload, in  0.862 seconds
Platform modules already initialized, skipping
Refreshing native plugins compatible for Editor in 0.35 ms, found 1 plugins.
Preloading 0 native plugins for Editor in 0.00 ms.
Unloading 1798 Unused Serialized files (Serialized files now loaded: 0)
System memory in use before: 89.2 MB.
System memory in use after: 89.2 MB.

Unloading 12 unused Assets to reduce memory usage. Loaded Objects now: 2300.
Total: 2.151300 ms (FindLiveObjects: 0.203000 ms CreateObjectMapping: 0.080200 ms MarkObjects: 1.771300 ms  DeleteObjects: 0.096000 ms)

========================================================================
Received Prepare
Registering precompiled user dll's ...
Registered in 0.000815 seconds.
Begin MonoManager ReloadAssembly
Native extension for WindowsStandalone target not found
Refreshing native plugins compatible for Editor in 0.34 ms, found 1 plugins.
Preloading 0 native plugins for Editor in 0.00 ms.
Invoked RoslynAnalysisRunner static constructor.
RoslynAnalysisRunner will not be running.
RoslynAnalysisRunner has terminated.
Mono: successfully reloaded assembly
- Completed reload, in  0.856 seconds
Platform modules already initialized, skipping
Refreshing native plugins compatible for Editor in 0.33 ms, found 1 plugins.
Preloading 0 native plugins for Editor in 0.00 ms.
Unloading 1798 Unused Serialized files (Serialized files now loaded: 0)
System memory in use before: 89.3 MB.
System memory in use after: 89.3 MB.

Unloading 12 unused Assets to reduce memory usage. Loaded Objects now: 2303.
Total: 2.136900 ms (FindLiveObjects: 0.160500 ms CreateObjectMapping: 0.056000 ms MarkObjects: 1.825200 ms  DeleteObjects: 0.093900 ms)

========================================================================
Received Prepare
Registering precompiled user dll's ...
Registered in 0.000733 seconds.
Begin MonoManager ReloadAssembly
Native extension for WindowsStandalone target not found
Refreshing native plugins compatible for Editor in 0.34 ms, found 1 plugins.
Preloading 0 native plugins for Editor in 0.00 ms.
Invoked RoslynAnalysisRunner static constructor.
RoslynAnalysisRunner will not be running.
RoslynAnalysisRunner has terminated.
Mono: successfully reloaded assembly
- Completed reload, in  0.960 seconds
Platform modules already initialized, skipping
Refreshing native plugins compatible for Editor in 0.33 ms, found 1 plugins.
Preloading 0 native plugins for Editor in 0.00 ms.
Unloading 1798 Unused Serialized files (Serialized files now loaded: 0)
System memory in use before: 89.4 MB.
System memory in use after: 89.4 MB.

Unloading 12 unused Assets to reduce memory usage. Loaded Objects now: 2306.
Total: 2.416300 ms (FindLiveObjects: 0.283400 ms CreateObjectMapping: 0.104900 ms MarkObjects: 1.923900 ms  DeleteObjects: 0.103100 ms)

========================================================================
Received Prepare
Registering precompiled user dll's ...
Registered in 0.000747 seconds.
Begin MonoManager ReloadAssembly
Native extension for WindowsStandalone target not found
Refreshing native plugins compatible for Editor in 0.34 ms, found 1 plugins.
Preloading 0 native plugins for Editor in 0.00 ms.
Invoked RoslynAnalysisRunner static constructor.
RoslynAnalysisRunner will not be running.
RoslynAnalysisRunner has terminated.
Mono: successfully reloaded assembly
- Completed reload, in  0.877 seconds
Platform modules already initialized, skipping
Refreshing native plugins compatible for Editor in 0.33 ms, found 1 plugins.
Preloading 0 native plugins for Editor in 0.00 ms.
Unloading 1798 Unused Serialized files (Serialized files now loaded: 0)
System memory in use before: 89.5 MB.
System memory in use after: 89.5 MB.

Unloading 12 unused Assets to reduce memory usage. Loaded Objects now: 2309.
Total: 2.008200 ms (FindLiveObjects: 0.194600 ms CreateObjectMapping: 0.062800 ms MarkObjects: 1.663000 ms  DeleteObjects: 0.087100 ms)

========================================================================
Received Prepare
Registering precompiled user dll's ...
Registered in 0.000746 seconds.
Begin MonoManager ReloadAssembly
Native extension for WindowsStandalone target not found
Refreshing native plugins compatible for Editor in 0.33 ms, found 1 plugins.
Preloading 0 native plugins for Editor in 0.00 ms.
Invoked RoslynAnalysisRunner static constructor.
RoslynAnalysisRunner will not be running.
RoslynAnalysisRunner has terminated.
Mono: successfully reloaded assembly
- Completed reload, in  0.888 seconds
Platform modules already initialized, skipping
Refreshing native plugins compatible for Editor in 0.33 ms, found 1 plugins.
Preloading 0 native plugins for Editor in 0.00 ms.
Unloading 1798 Unused Serialized files (Serialized files now loaded: 0)
System memory in use before: 89.6 MB.
System memory in use after: 89.6 MB.

Unloading 12 unused Assets to reduce memory usage. Loaded Objects now: 2312.
Total: 2.173600 ms (FindLiveObjects: 0.231400 ms CreateObjectMapping: 0.065900 ms MarkObjects: 1.784800 ms  DeleteObjects: 0.090700 ms)

========================================================================
Received Prepare
Registering precompiled user dll's ...
Registered in 0.000699 seconds.
Begin MonoManager ReloadAssembly
Native extension for WindowsStandalone target not found
Refreshing native plugins compatible for Editor in 0.33 ms, found 1 plugins.
Preloading 0 native plugins for Editor in 0.00 ms.
Invoked RoslynAnalysisRunner static constructor.
RoslynAnalysisRunner will not be running.
RoslynAnalysisRunner has terminated.
Mono: successfully reloaded assembly
- Completed reload, in  0.891 seconds
Platform modules already initialized, skipping
Refreshing native plugins compatible for Editor in 0.33 ms, found 1 plugins.
Preloading 0 native plugins for Editor in 0.00 ms.
Unloading 1798 Unused Serialized files (Serialized files now loaded: 0)
System memory in use before: 89.7 MB.
System memory in use after: 89.7 MB.

Unloading 12 unused Assets to reduce memory usage. Loaded Objects now: 2315.
Total: 2.071700 ms (FindLiveObjects: 0.170300 ms CreateObjectMapping: 0.061400 ms MarkObjects: 1.748400 ms  DeleteObjects: 0.090700 ms)

========================================================================
Received Prepare
Registering precompiled user dll's ...
Registered in 0.000752 seconds.
Begin MonoManager ReloadAssembly
Native extension for WindowsStandalone target not found
Refreshing native plugins compatible for Editor in 0.34 ms, found 1 plugins.
Preloading 0 native plugins for Editor in 0.00 ms.
Invoked RoslynAnalysisRunner static constructor.
RoslynAnalysisRunner will not be running.
RoslynAnalysisRunner has terminated.
Mono: successfully reloaded assembly
- Completed reload, in  0.893 seconds
Platform modules already initialized, skipping
Refreshing native plugins compatible for Editor in 0.37 ms, found 1 plugins.
Preloading 0 native plugins for Editor in 0.00 ms.
Unloading 1798 Unused Serialized files (Serialized files now loaded: 0)
System memory in use before: 88.8 MB.
System memory in use after: 88.8 MB.

Unloading 12 unused Assets to reduce memory usage. Loaded Objects now: 2318.
Total: 2.051600 ms (FindLiveObjects: 0.197400 ms CreateObjectMapping: 0.070400 ms MarkObjects: 1.686400 ms  DeleteObjects: 0.096200 ms)

========================================================================
Received Prepare
Registering precompiled user dll's ...
Registered in 0.000735 seconds.
Begin MonoManager ReloadAssembly
Native extension for WindowsStandalone target not found
Refreshing native plugins compatible for Editor in 0.34 ms, found 1 plugins.
Preloading 0 native plugins for Editor in 0.00 ms.
Invoked RoslynAnalysisRunner static constructor.
RoslynAnalysisRunner will not be running.
RoslynAnalysisRunner has terminated.
Mono: successfully reloaded assembly
- Completed reload, in  0.871 seconds
Platform modules already initialized, skipping
Refreshing native plugins compatible for Editor in 0.33 ms, found 1 plugins.
Preloading 0 native plugins for Editor in 0.00 ms.
Unloading 1798 Unused Serialized files (Serialized files now loaded: 0)
System memory in use before: 88.9 MB.
System memory in use after: 88.9 MB.

Unloading 12 unused Assets to reduce memory usage. Loaded Objects now: 2321.
Total: 2.312300 ms (FindLiveObjects: 0.294700 ms CreateObjectMapping: 0.141200 ms MarkObjects: 1.779200 ms  DeleteObjects: 0.096200 ms)

========================================================================
Received Import Request.
  Time since last request: 1294.028538 seconds.
  path: Assets/07.Scenes/LobyScene.unity
  artifactKey: Guid(cfd93c8434da6d64ba681a563642d98d) Importer(815301076,1909f56bfc062723c751e8b465ee728b)
Start importing Assets/07.Scenes/LobyScene.unity using Guid(cfd93c8434da6d64ba681a563642d98d) Importer(815301076,1909f56bfc062723c751e8b465ee728b)  -> (artifact id: 'e2584bd87e850ec93f02abc12d7859ff') in 0.018352 seconds
  Import took 0.021917 seconds .

========================================================================
Received Prepare
Registering precompiled user dll's ...
Registered in 0.000691 seconds.
Begin MonoManager ReloadAssembly
Native extension for WindowsStandalone target not found
Refreshing native plugins compatible for Editor in 0.33 ms, found 1 plugins.
Preloading 0 native plugins for Editor in 0.00 ms.
Invoked RoslynAnalysisRunner static constructor.
RoslynAnalysisRunner will not be running.
RoslynAnalysisRunner has terminated.
Mono: successfully reloaded assembly
- Completed reload, in  0.891 seconds
Platform modules already initialized, skipping
Refreshing native plugins compatible for Editor in 0.34 ms, found 1 plugins.
Preloading 0 native plugins for Editor in 0.00 ms.
Unloading 1798 Unused Serialized files (Serialized files now loaded: 0)
System memory in use before: 89.0 MB.
System memory in use after: 89.0 MB.

Unloading 12 unused Assets to reduce memory usage. Loaded Objects now: 2324.
Total: 2.329800 ms (FindLiveObjects: 0.305400 ms CreateObjectMapping: 0.125700 ms MarkObjects: 1.795000 ms  DeleteObjects: 0.102700 ms)

========================================================================
Received Prepare
Registering precompiled user dll's ...
Registered in 0.001054 seconds.
Begin MonoManager ReloadAssembly
Native extension for WindowsStandalone target not found
Refreshing native plugins compatible for Editor in 0.35 ms, found 1 plugins.
Preloading 0 native plugins for Editor in 0.00 ms.
Invoked RoslynAnalysisRunner static constructor.
RoslynAnalysisRunner will not be running.
RoslynAnalysisRunner has terminated.
Mono: successfully reloaded assembly
- Completed reload, in  0.931 seconds
Platform modules already initialized, skipping
Refreshing native plugins compatible for Editor in 0.39 ms, found 1 plugins.
Preloading 0 native plugins for Editor in 0.00 ms.
Unloading 1798 Unused Serialized files (Serialized files now loaded: 0)
System memory in use before: 89.1 MB.
System memory in use after: 89.1 MB.

Unloading 12 unused Assets to reduce memory usage. Loaded Objects now: 2327.
Total: 2.078700 ms (FindLiveObjects: 0.196800 ms CreateObjectMapping: 0.067700 ms MarkObjects: 1.715600 ms  DeleteObjects: 0.097200 ms)

========================================================================
Received Prepare
Registering precompiled user dll's ...
Registered in 0.000753 seconds.
Begin MonoManager ReloadAssembly
Native extension for WindowsStandalone target not found
Refreshing native plugins compatible for Editor in 0.38 ms, found 1 plugins.
Preloading 0 native plugins for Editor in 0.00 ms.
Invoked RoslynAnalysisRunner static constructor.
RoslynAnalysisRunner will not be running.
RoslynAnalysisRunner has terminated.
Mono: successfully reloaded assembly
- Completed reload, in  0.888 seconds
Platform modules already initialized, skipping
Refreshing native plugins compatible for Editor in 0.33 ms, found 1 plugins.
Preloading 0 native plugins for Editor in 0.00 ms.
Unloading 1798 Unused Serialized files (Serialized files now loaded: 0)
System memory in use before: 89.2 MB.
System memory in use after: 89.2 MB.

Unloading 12 unused Assets to reduce memory usage. Loaded Objects now: 2330.
Total: 2.165200 ms (FindLiveObjects: 0.169500 ms CreateObjectMapping: 0.050900 ms MarkObjects: 1.857700 ms  DeleteObjects: 0.086400 ms)

========================================================================
Received Prepare
Registering precompiled user dll's ...
Registered in 0.000761 seconds.
Begin MonoManager ReloadAssembly
Native extension for WindowsStandalone target not found
Refreshing native plugins compatible for Editor in 0.35 ms, found 1 plugins.
Preloading 0 native plugins for Editor in 0.00 ms.
Invoked RoslynAnalysisRunner static constructor.
RoslynAnalysisRunner will not be running.
RoslynAnalysisRunner has terminated.
Mono: successfully reloaded assembly
- Completed reload, in  0.930 seconds
Platform modules already initialized, skipping
Refreshing native plugins compatible for Editor in 0.34 ms, found 1 plugins.
Preloading 0 native plugins for Editor in 0.00 ms.
Unloading 1798 Unused Serialized files (Serialized files now loaded: 0)
System memory in use before: 89.3 MB.
System memory in use after: 89.3 MB.

Unloading 12 unused Assets to reduce memory usage. Loaded Objects now: 2333.
Total: 2.104700 ms (FindLiveObjects: 0.198900 ms CreateObjectMapping: 0.067800 ms MarkObjects: 1.739300 ms  DeleteObjects: 0.097600 ms)

========================================================================
Received Prepare
Registering precompiled user dll's ...
Registered in 0.000790 seconds.
Begin MonoManager ReloadAssembly
Native extension for WindowsStandalone target not found
Refreshing native plugins compatible for Editor in 0.33 ms, found 1 plugins.
Preloading 0 native plugins for Editor in 0.00 ms.
Invoked RoslynAnalysisRunner static constructor.
RoslynAnalysisRunner will not be running.
RoslynAnalysisRunner has terminated.
Mono: successfully reloaded assembly
- Completed reload, in  0.940 seconds
Platform modules already initialized, skipping
Refreshing native plugins compatible for Editor in 0.34 ms, found 1 plugins.
Preloading 0 native plugins for Editor in 0.00 ms.
Unloading 1798 Unused Serialized files (Serialized files now loaded: 0)
System memory in use before: 89.4 MB.
System memory in use after: 89.4 MB.

Unloading 12 unused Assets to reduce memory usage. Loaded Objects now: 2336.
Total: 2.024700 ms (FindLiveObjects: 0.181400 ms CreateObjectMapping: 0.067900 ms MarkObjects: 1.685400 ms  DeleteObjects: 0.089100 ms)

========================================================================
Received Prepare
Registering precompiled user dll's ...
Registered in 0.000828 seconds.
Begin MonoManager ReloadAssembly
Native extension for WindowsStandalone target not found
Refreshing native plugins compatible for Editor in 0.35 ms, found 1 plugins.
Preloading 0 native plugins for Editor in 0.00 ms.
Invoked RoslynAnalysisRunner static constructor.
RoslynAnalysisRunner will not be running.
RoslynAnalysisRunner has terminated.
Mono: successfully reloaded assembly
- Completed reload, in  0.945 seconds
Platform modules already initialized, skipping
Refreshing native plugins compatible for Editor in 0.34 ms, found 1 plugins.
Preloading 0 native plugins for Editor in 0.00 ms.
Unloading 1798 Unused Serialized files (Serialized files now loaded: 0)
System memory in use before: 89.5 MB.
System memory in use after: 89.5 MB.

Unloading 12 unused Assets to reduce memory usage. Loaded Objects now: 2339.
Total: 2.195300 ms (FindLiveObjects: 0.180900 ms CreateObjectMapping: 0.059000 ms MarkObjects: 1.861100 ms  DeleteObjects: 0.093300 ms)

AssetImportWorkerClient::OnTransportError - code=2 error=End of file
